<?xml version="1.0" encoding="UTF-8"?>
<testsuite xmlns:xsi="http://www.w3.org/2001/XMLSchema-instance" xsi:noNamespaceSchemaLocation="https://maven.apache.org/surefire/maven-surefire-plugin/xsd/surefire-test-report-3.0.xsd" version="3.0" name="test.java.PapelMoedaTest" time="0.059" tests="6" errors="0" skipped="0" failures="1">
  <properties>
[...]
</properties>
  <testcase name="TesteCriacaoPapelMoedaGetQuantidade" classname="test.java.PapelMoedaTest" time="0.033">
    <failure message="A quantidade deve ser 5 ==&gt; expected: &lt;10&gt; but was: &lt;5&gt;" type="org.opentest4j.AssertionFailedError"><![CDATA[org.opentest4j.AssertionFailedError: A quantidade deve ser 5 ==> expected: <10> but was: <5>
	at org.junit.jupiter.api.AssertionFailureBuilder.build(AssertionFailureBuilder.java:151)
	at org.junit.jupiter.api.AssertionFailureBuilder.buildAndThrow(AssertionFailureBuilder.java:132)
	at org.junit.jupiter.api.AssertEquals.failNotEqual(AssertEquals.java:197)
	at org.junit.jupiter.api.AssertEquals.assertEquals(AssertEquals.java:150)
	at org.junit.jupiter.api.Assertions.assertEquals(Assertions.java:559)
	at test.java.PapelMoedaTest.TesteCriacaoPapelMoedaGetQuantidade(PapelMoedaTest.java:25)
	at java.base/java.lang.reflect.Method.invoke(Method.java:578)
	at java.base/java.util.ArrayList.forEach(ArrayList.java:1511)
	at java.base/java.util.ArrayList.forEach(ArrayList.java:1511)
]]></failure>
  </testcase>
  <testcase name="TesteCriacaoPapelMoedaGetValor" classname="test.java.PapelMoedaTest" time="0"/>
  <testcase name="TesteCriacaoPapelMoedaValorNegativo" classname="test.java.PapelMoedaTest" time="0.001"/>
  <testcase name="TesteCriacaoPapelMoeda" classname="test.java.PapelMoedaTest" time="0.001"/>
  <testcase name="TestePapelMoedaValorNegativoGetQuantidades" classname="test.java.PapelMoedaTest" time="0.001"/>
  <testcase name="TestePapelMoedaValorNegativoGetValor" classname="test.java.PapelMoedaTest" time="0.001"/>
</testsuite>